<?xml version="1.0" encoding="UTF-8"?>
<testsuite name="org.ggyool.exam01.web.HelloControllerTest" tests="2" skipped="0" failures="0" errors="0" timestamp="2020-05-19T08:43:35" hostname="ggyool.local" time="0.221">
  <properties/>
  <testcase name="helloê°€_return" classname="org.ggyool.exam01.web.HelloControllerTest" time="0.079"/>
  <testcase name="helloDto_return_test" classname="org.ggyool.exam01.web.HelloControllerTest" time="0.141"/>
  <system-out><![CDATA[2020-05-19 17:43:34.792  INFO 5010 --- [    Test worker] .b.t.a.w.s.WebMvcTestContextBootstrapper : Neither @ContextConfiguration nor @ContextHierarchy found for test class [org.ggyool.exam01.web.HelloControllerTest], using SpringBootContextLoader
2020-05-19 17:43:34.793  INFO 5010 --- [    Test worker] o.s.t.c.support.AbstractContextLoader    : Could not detect default resource locations for test class [org.ggyool.exam01.web.HelloControllerTest]: no resource found for suffixes {-context.xml, Context.groovy}.
2020-05-19 17:43:34.794  INFO 5010 --- [    Test worker] t.c.s.AnnotationConfigContextLoaderUtils : Could not detect default configuration classes for test class [org.ggyool.exam01.web.HelloControllerTest]: HelloControllerTest does not declare any static, non-private, non-final, nested classes annotated with @Configuration.
2020-05-19 17:43:34.839  INFO 5010 --- [    Test worker] .b.t.c.SpringBootTestContextBootstrapper : Found @SpringBootConfiguration org.ggyool.exam01.Application for test class org.ggyool.exam01.web.HelloControllerTest
2020-05-19 17:43:34.840  INFO 5010 --- [    Test worker] .b.t.a.w.s.WebMvcTestContextBootstrapper : Loaded default TestExecutionListener class names from location [META-INF/spring.factories]: [org.springframework.security.test.context.support.WithSecurityContextTestExecutionListener, org.springframework.security.test.context.support.ReactorContextTestExecutionListener, org.springframework.boot.test.autoconfigure.restdocs.RestDocsTestExecutionListener, org.springframework.boot.test.autoconfigure.web.client.MockRestServiceServerResetTestExecutionListener, org.springframework.boot.test.autoconfigure.web.servlet.MockMvcPrintOnlyOnFailureTestExecutionListener, org.springframework.boot.test.autoconfigure.web.servlet.WebDriverTestExecutionListener, org.springframework.boot.test.mock.mockito.MockitoTestExecutionListener, org.springframework.boot.test.mock.mockito.ResetMocksTestExecutionListener, org.springframework.test.context.web.ServletTestExecutionListener, org.springframework.test.context.support.DirtiesContextBeforeModesTestExecutionListener, org.springframework.test.context.support.DependencyInjectionTestExecutionListener, org.springframework.test.context.support.DirtiesContextTestExecutionListener, org.springframework.test.context.transaction.TransactionalTestExecutionListener, org.springframework.test.context.jdbc.SqlScriptsTestExecutionListener]
2020-05-19 17:43:34.842  INFO 5010 --- [    Test worker] .b.t.a.w.s.WebMvcTestContextBootstrapper : Using TestExecutionListeners: [org.springframework.test.context.web.ServletTestExecutionListener@1c345e1e, org.springframework.test.context.support.DirtiesContextBeforeModesTestExecutionListener@5862f561, org.springframework.boot.test.mock.mockito.MockitoTestExecutionListener@5d1c03de, org.springframework.boot.test.autoconfigure.SpringBootDependencyInjectionTestExecutionListener@63a0d8c1, org.springframework.test.context.support.DirtiesContextTestExecutionListener@5d5aae05, org.springframework.test.context.transaction.TransactionalTestExecutionListener@12dc8132, org.springframework.test.context.jdbc.SqlScriptsTestExecutionListener@2f636244, org.springframework.security.test.context.support.WithSecurityContextTestExecutionListener@4ae0d1b9, org.springframework.security.test.context.support.ReactorContextTestExecutionListener@42c26466, org.springframework.boot.test.autoconfigure.restdocs.RestDocsTestExecutionListener@3461b81d, org.springframework.boot.test.autoconfigure.web.client.MockRestServiceServerResetTestExecutionListener@249d97, org.springframework.boot.test.autoconfigure.web.servlet.MockMvcPrintOnlyOnFailureTestExecutionListener@4c85f933, org.springframework.boot.test.autoconfigure.web.servlet.WebDriverTestExecutionListener@1db54591, org.springframework.boot.test.mock.mockito.ResetMocksTestExecutionListener@24ada76a]

  .   ____          _            __ _ _
 /\\ / ___'_ __ _ _(_)_ __  __ _ \ \ \ \
( ( )\___ | '_ | '_| | '_ \/ _` | \ \ \ \
 \\/  ___)| |_)| | | | | || (_| |  ) ) ) )
  '  |____| .__|_| |_|_| |_\__, | / / / /
 =========|_|==============|___/=/_/_/_/
 :: Spring Boot ::        (v2.1.7.RELEASE)

2020-05-19 17:43:34.887  INFO 5010 --- [    Test worker] o.ggyool.exam01.web.HelloControllerTest  : Starting HelloControllerTest on ggyool.local with PID 5010 (started by ggyool in /Users/ggyool/Dev/springboot-exam)
2020-05-19 17:43:34.890  INFO 5010 --- [    Test worker] o.ggyool.exam01.web.HelloControllerTest  : No active profile set, falling back to default profiles: default
2020-05-19 17:43:35.331  INFO 5010 --- [    Test worker] o.s.s.concurrent.ThreadPoolTaskExecutor  : Initializing ExecutorService 'applicationTaskExecutor'
2020-05-19 17:43:35.377  INFO 5010 --- [    Test worker] o.s.b.a.w.s.WelcomePageHandlerMapping    : Adding welcome page template: index
2020-05-19 17:43:35.602  INFO 5010 --- [    Test worker] .s.s.UserDetailsServiceAutoConfiguration : 

Using generated security password: fbb5afa8-7243-4381-9598-33a1b4e4b4bf

2020-05-19 17:43:35.710  INFO 5010 --- [    Test worker] o.s.s.web.DefaultSecurityFilterChain     : Creating filter chain: any request, [org.springframework.security.web.context.request.async.WebAsyncManagerIntegrationFilter@539dfbc4, org.springframework.security.web.context.SecurityContextPersistenceFilter@6b6d201f, org.springframework.security.web.header.HeaderWriterFilter@7d67b0e3, org.springframework.security.web.csrf.CsrfFilter@4e32fccf, org.springframework.security.web.authentication.logout.LogoutFilter@3bbcc7ce, org.springframework.security.web.authentication.UsernamePasswordAuthenticationFilter@165460d2, org.springframework.security.web.authentication.ui.DefaultLoginPageGeneratingFilter@7bbbb56f, org.springframework.security.web.authentication.ui.DefaultLogoutPageGeneratingFilter@45b1fd8, org.springframework.security.web.authentication.www.BasicAuthenticationFilter@d8a5aaf, org.springframework.security.web.savedrequest.RequestCacheAwareFilter@48faa8fb, org.springframework.security.web.servletapi.SecurityContextHolderAwareRequestFilter@85af9af, org.springframework.security.web.authentication.AnonymousAuthenticationFilter@5b5b62de, org.springframework.security.web.session.SessionManagementFilter@24eaef04, org.springframework.security.web.access.ExceptionTranslationFilter@48bd7138, org.springframework.security.web.access.intercept.FilterSecurityInterceptor@5b7b4c73]
2020-05-19 17:43:35.758  INFO 5010 --- [    Test worker] o.s.b.t.m.w.SpringBootMockServletContext : Initializing Spring TestDispatcherServlet ''
2020-05-19 17:43:35.758  INFO 5010 --- [    Test worker] o.s.t.web.servlet.TestDispatcherServlet  : Initializing Servlet ''
2020-05-19 17:43:35.785  INFO 5010 --- [    Test worker] o.s.t.web.servlet.TestDispatcherServlet  : Completed initialization in 26 ms
2020-05-19 17:43:35.822  INFO 5010 --- [    Test worker] o.ggyool.exam01.web.HelloControllerTest  : Started HelloControllerTest in 0.976 seconds (JVM running for 8.811)
]]></system-out>
  <system-err><![CDATA[]]></system-err>
</testsuite>
