<?xml version="1.0" encoding="UTF-8"?>
<testsuite name="org.ggyool.exam01.web.IndexControllerTest" tests="1" skipped="0" failures="0" errors="0" timestamp="2020-05-19T08:43:38" hostname="ggyool.local" time="0.195">
  <properties/>
  <testcase name="메인페이지_로딩" classname="org.ggyool.exam01.web.IndexControllerTest" time="0.195"/>
  <system-out><![CDATA[2020-05-19 17:43:36.049  INFO 5010 --- [    Test worker] .b.t.c.SpringBootTestContextBootstrapper : Neither @ContextConfiguration nor @ContextHierarchy found for test class [org.ggyool.exam01.web.IndexControllerTest], using SpringBootContextLoader
2020-05-19 17:43:36.050  INFO 5010 --- [    Test worker] o.s.t.c.support.AbstractContextLoader    : Could not detect default resource locations for test class [org.ggyool.exam01.web.IndexControllerTest]: no resource found for suffixes {-context.xml, Context.groovy}.
2020-05-19 17:43:36.050  INFO 5010 --- [    Test worker] t.c.s.AnnotationConfigContextLoaderUtils : Could not detect default configuration classes for test class [org.ggyool.exam01.web.IndexControllerTest]: IndexControllerTest does not declare any static, non-private, non-final, nested classes annotated with @Configuration.
2020-05-19 17:43:36.052  INFO 5010 --- [    Test worker] .b.t.c.SpringBootTestContextBootstrapper : Found @SpringBootConfiguration org.ggyool.exam01.Application for test class org.ggyool.exam01.web.IndexControllerTest
2020-05-19 17:43:36.053  INFO 5010 --- [    Test worker] .b.t.c.SpringBootTestContextBootstrapper : Loaded default TestExecutionListener class names from location [META-INF/spring.factories]: [org.springframework.security.test.context.support.WithSecurityContextTestExecutionListener, org.springframework.security.test.context.support.ReactorContextTestExecutionListener, org.springframework.boot.test.autoconfigure.restdocs.RestDocsTestExecutionListener, org.springframework.boot.test.autoconfigure.web.client.MockRestServiceServerResetTestExecutionListener, org.springframework.boot.test.autoconfigure.web.servlet.MockMvcPrintOnlyOnFailureTestExecutionListener, org.springframework.boot.test.autoconfigure.web.servlet.WebDriverTestExecutionListener, org.springframework.boot.test.mock.mockito.MockitoTestExecutionListener, org.springframework.boot.test.mock.mockito.ResetMocksTestExecutionListener, org.springframework.test.context.web.ServletTestExecutionListener, org.springframework.test.context.support.DirtiesContextBeforeModesTestExecutionListener, org.springframework.test.context.support.DependencyInjectionTestExecutionListener, org.springframework.test.context.support.DirtiesContextTestExecutionListener, org.springframework.test.context.transaction.TransactionalTestExecutionListener, org.springframework.test.context.jdbc.SqlScriptsTestExecutionListener]
2020-05-19 17:43:36.053  INFO 5010 --- [    Test worker] .b.t.c.SpringBootTestContextBootstrapper : Using TestExecutionListeners: [org.springframework.test.context.web.ServletTestExecutionListener@787bde2d, org.springframework.test.context.support.DirtiesContextBeforeModesTestExecutionListener@70a809f3, org.springframework.boot.test.mock.mockito.MockitoTestExecutionListener@7beef84a, org.springframework.boot.test.autoconfigure.SpringBootDependencyInjectionTestExecutionListener@61f38b9e, org.springframework.test.context.support.DirtiesContextTestExecutionListener@47dfab3b, org.springframework.test.context.transaction.TransactionalTestExecutionListener@7708d5a2, org.springframework.test.context.jdbc.SqlScriptsTestExecutionListener@7ba85fa1, org.springframework.security.test.context.support.WithSecurityContextTestExecutionListener@67a9431, org.springframework.security.test.context.support.ReactorContextTestExecutionListener@3c4671b6, org.springframework.boot.test.autoconfigure.restdocs.RestDocsTestExecutionListener@dd21659, org.springframework.boot.test.autoconfigure.web.client.MockRestServiceServerResetTestExecutionListener@343e1515, org.springframework.boot.test.autoconfigure.web.servlet.MockMvcPrintOnlyOnFailureTestExecutionListener@66b7c4bf, org.springframework.boot.test.autoconfigure.web.servlet.WebDriverTestExecutionListener@6973d21e, org.springframework.boot.test.mock.mockito.ResetMocksTestExecutionListener@748e71b7]

  .   ____          _            __ _ _
 /\\ / ___'_ __ _ _(_)_ __  __ _ \ \ \ \
( ( )\___ | '_ | '_| | '_ \/ _` | \ \ \ \
 \\/  ___)| |_)| | | | | || (_| |  ) ) ) )
  '  |____| .__|_| |_|_| |_\__, | / / / /
 =========|_|==============|___/=/_/_/_/
 :: Spring Boot ::        (v2.1.7.RELEASE)

2020-05-19 17:43:36.085  INFO 5010 --- [    Test worker] o.ggyool.exam01.web.IndexControllerTest  : Starting IndexControllerTest on ggyool.local with PID 5010 (started by ggyool in /Users/ggyool/Dev/springboot-exam)
2020-05-19 17:43:36.086  INFO 5010 --- [    Test worker] o.ggyool.exam01.web.IndexControllerTest  : No active profile set, falling back to default profiles: default
2020-05-19 17:43:36.293  INFO 5010 --- [    Test worker] .s.d.r.c.RepositoryConfigurationDelegate : Bootstrapping Spring Data repositories in DEFAULT mode.
2020-05-19 17:43:36.310  INFO 5010 --- [    Test worker] .s.d.r.c.RepositoryConfigurationDelegate : Finished Spring Data repository scanning in 17ms. Found 2 repository interfaces.
2020-05-19 17:43:36.427  INFO 5010 --- [    Test worker] trationDelegate$BeanPostProcessorChecker : Bean 'org.springframework.transaction.annotation.ProxyTransactionManagementConfiguration' of type [org.springframework.transaction.annotation.ProxyTransactionManagementConfiguration$$EnhancerBySpringCGLIB$$1d1ea08] is not eligible for getting processed by all BeanPostProcessors (for example: not eligible for auto-proxying)
2020-05-19 17:43:36.732  INFO 5010 --- [    Test worker] o.s.b.w.embedded.tomcat.TomcatWebServer  : Tomcat initialized with port(s): 0 (http)
2020-05-19 17:43:36.777  INFO 5010 --- [    Test worker] o.apache.catalina.core.StandardService   : Starting service [Tomcat]
2020-05-19 17:43:36.778  INFO 5010 --- [    Test worker] org.apache.catalina.core.StandardEngine  : Starting Servlet engine: [Apache Tomcat/9.0.22]
2020-05-19 17:43:36.947  INFO 5010 --- [    Test worker] o.a.c.c.C.[Tomcat].[localhost].[/]       : Initializing Spring embedded WebApplicationContext
2020-05-19 17:43:36.947  INFO 5010 --- [    Test worker] o.s.web.context.ContextLoader            : Root WebApplicationContext: initialization completed in 859 ms
2020-05-19 17:43:37.316  INFO 5010 --- [    Test worker] com.zaxxer.hikari.HikariDataSource       : HikariPool-2 - Starting...
2020-05-19 17:43:37.319  INFO 5010 --- [    Test worker] com.zaxxer.hikari.HikariDataSource       : HikariPool-2 - Start completed.
2020-05-19 17:43:37.377  INFO 5010 --- [    Test worker] o.hibernate.jpa.internal.util.LogHelper  : HHH000204: Processing PersistenceUnitInfo [
	name: default
	...]
2020-05-19 17:43:37.396  INFO 5010 --- [    Test worker] org.hibernate.dialect.Dialect            : HHH000400: Using dialect: org.hibernate.dialect.MySQL5InnoDBDialect
Hibernate: drop table if exists posts
Hibernate: drop table if exists user
Hibernate: create table posts (id bigint not null auto_increment, create_date datetime, modified_date datetime, author varchar(255), content TEXT not null, title varchar(500) not null, primary key (id)) engine=InnoDB
Hibernate: create table user (id bigint not null auto_increment, create_date datetime, modified_date datetime, email varchar(255) not null, name varchar(255) not null, picture varchar(255), role varchar(255) not null, primary key (id)) engine=InnoDB
2020-05-19 17:43:37.477  INFO 5010 --- [    Test worker] o.h.t.schema.internal.SchemaCreatorImpl  : HHH000476: Executing import script 'org.hibernate.tool.schema.internal.exec.ScriptSourceInputNonExistentImpl@184c646f'
2020-05-19 17:43:37.477  INFO 5010 --- [    Test worker] j.LocalContainerEntityManagerFactoryBean : Initialized JPA EntityManagerFactory for persistence unit 'default'
2020-05-19 17:43:37.844  INFO 5010 --- [    Test worker] o.h.h.i.QueryTranslatorFactoryInitiator  : HHH000397: Using ASTQueryTranslatorFactory
2020-05-19 17:43:37.966  INFO 5010 --- [    Test worker] o.s.s.web.DefaultSecurityFilterChain     : Creating filter chain: any request, [org.springframework.security.web.context.request.async.WebAsyncManagerIntegrationFilter@5fc2e1c8, org.springframework.security.web.context.SecurityContextPersistenceFilter@500b6152, org.springframework.security.web.header.HeaderWriterFilter@14e7368c, org.springframework.security.web.authentication.logout.LogoutFilter@125d16b2, org.springframework.security.oauth2.client.web.OAuth2AuthorizationRequestRedirectFilter@5def1302, org.springframework.security.oauth2.client.web.OAuth2LoginAuthenticationFilter@6120651f, org.springframework.security.web.authentication.ui.DefaultLoginPageGeneratingFilter@1957f53b, org.springframework.security.web.authentication.ui.DefaultLogoutPageGeneratingFilter@67d8a216, org.springframework.security.web.savedrequest.RequestCacheAwareFilter@5ebd6103, org.springframework.security.web.servletapi.SecurityContextHolderAwareRequestFilter@73437f0e, org.springframework.security.web.authentication.AnonymousAuthenticationFilter@428acaec, org.springframework.security.web.session.SessionManagementFilter@10ef4227, org.springframework.security.web.access.ExceptionTranslationFilter@572b2262, org.springframework.security.web.access.intercept.FilterSecurityInterceptor@3cf09a5c]
2020-05-19 17:43:38.104  INFO 5010 --- [    Test worker] o.s.s.concurrent.ThreadPoolTaskExecutor  : Initializing ExecutorService 'applicationTaskExecutor'
2020-05-19 17:43:38.114  WARN 5010 --- [    Test worker] aWebConfiguration$JpaWebMvcConfiguration : spring.jpa.open-in-view is enabled by default. Therefore, database queries may be performed during view rendering. Explicitly configure spring.jpa.open-in-view to disable this warning
2020-05-19 17:43:38.151  INFO 5010 --- [    Test worker] o.s.b.a.w.s.WelcomePageHandlerMapping    : Adding welcome page template: index
2020-05-19 17:43:38.376  INFO 5010 --- [    Test worker] s.a.ScheduledAnnotationBeanPostProcessor : No TaskScheduler/ScheduledExecutorService bean found for scheduled processing
2020-05-19 17:43:38.398  INFO 5010 --- [    Test worker] o.s.b.w.embedded.tomcat.TomcatWebServer  : Tomcat started on port(s): 50249 (http) with context path ''
2020-05-19 17:43:38.399  INFO 5010 --- [    Test worker] o.ggyool.exam01.web.IndexControllerTest  : Started IndexControllerTest in 2.344 seconds (JVM running for 11.389)
2020-05-19 17:43:38.509  INFO 5010 --- [o-auto-1-exec-1] o.a.c.c.C.[Tomcat].[localhost].[/]       : Initializing Spring DispatcherServlet 'dispatcherServlet'
2020-05-19 17:43:38.509  INFO 5010 --- [o-auto-1-exec-1] o.s.web.servlet.DispatcherServlet        : Initializing Servlet 'dispatcherServlet'
2020-05-19 17:43:38.530  INFO 5010 --- [o-auto-1-exec-1] o.s.web.servlet.DispatcherServlet        : Completed initialization in 21 ms
Hibernate: select posts0_.id as id1_0_, posts0_.create_date as create_d2_0_, posts0_.modified_date as modified3_0_, posts0_.author as author4_0_, posts0_.content as content5_0_, posts0_.title as title6_0_ from posts posts0_ order by posts0_.id DESC
]]></system-out>
  <system-err><![CDATA[]]></system-err>
</testsuite>
