<?xml version="1.0" encoding="UTF-8"?>
<testsuite name="org.ggyool.exam01.web.domain.posts.PostsRepositoryTest" tests="2" skipped="0" failures="0" errors="0" timestamp="2020-05-19T16:46:21" hostname="ggyool.local" time="0.159">
  <properties/>
  <testcase name="게시글저장_불러오기" classname="org.ggyool.exam01.web.domain.posts.PostsRepositoryTest" time="0.15"/>
  <testcase name="BaseTImeEntity_등록" classname="org.ggyool.exam01.web.domain.posts.PostsRepositoryTest" time="0.008"/>
  <system-out><![CDATA[01:46:16.786 [Test worker] DEBUG org.springframework.test.context.junit4.SpringJUnit4ClassRunner - SpringJUnit4ClassRunner constructor called with [class org.ggyool.exam01.web.domain.posts.PostsRepositoryTest]
01:46:16.791 [Test worker] DEBUG org.springframework.test.context.BootstrapUtils - Instantiating CacheAwareContextLoaderDelegate from class [org.springframework.test.context.cache.DefaultCacheAwareContextLoaderDelegate]
01:46:16.798 [Test worker] DEBUG org.springframework.test.context.BootstrapUtils - Instantiating BootstrapContext using constructor [public org.springframework.test.context.support.DefaultBootstrapContext(java.lang.Class,org.springframework.test.context.CacheAwareContextLoaderDelegate)]
01:46:16.813 [Test worker] DEBUG org.springframework.test.context.BootstrapUtils - Instantiating TestContextBootstrapper for test class [org.ggyool.exam01.web.domain.posts.PostsRepositoryTest] from class [org.springframework.boot.test.context.SpringBootTestContextBootstrapper]
01:46:16.825 [Test worker] INFO org.springframework.boot.test.context.SpringBootTestContextBootstrapper - Neither @ContextConfiguration nor @ContextHierarchy found for test class [org.ggyool.exam01.web.domain.posts.PostsRepositoryTest], using SpringBootContextLoader
01:46:16.828 [Test worker] DEBUG org.springframework.test.context.support.AbstractContextLoader - Did not detect default resource location for test class [org.ggyool.exam01.web.domain.posts.PostsRepositoryTest]: class path resource [org/ggyool/exam01/web/domain/posts/PostsRepositoryTest-context.xml] does not exist
01:46:16.829 [Test worker] DEBUG org.springframework.test.context.support.AbstractContextLoader - Did not detect default resource location for test class [org.ggyool.exam01.web.domain.posts.PostsRepositoryTest]: class path resource [org/ggyool/exam01/web/domain/posts/PostsRepositoryTestContext.groovy] does not exist
01:46:16.829 [Test worker] INFO org.springframework.test.context.support.AbstractContextLoader - Could not detect default resource locations for test class [org.ggyool.exam01.web.domain.posts.PostsRepositoryTest]: no resource found for suffixes {-context.xml, Context.groovy}.
01:46:16.830 [Test worker] INFO org.springframework.test.context.support.AnnotationConfigContextLoaderUtils - Could not detect default configuration classes for test class [org.ggyool.exam01.web.domain.posts.PostsRepositoryTest]: PostsRepositoryTest does not declare any static, non-private, non-final, nested classes annotated with @Configuration.
01:46:16.864 [Test worker] DEBUG org.springframework.test.context.support.ActiveProfilesUtils - Could not find an 'annotation declaring class' for annotation type [org.springframework.test.context.ActiveProfiles] and class [org.ggyool.exam01.web.domain.posts.PostsRepositoryTest]
01:46:16.958 [Test worker] DEBUG org.springframework.context.annotation.ClassPathScanningCandidateComponentProvider - Identified candidate component class: file [/Users/ggyool/Dev/springboot-exam/build/classes/java/main/org/ggyool/exam01/Application.class]
01:46:16.959 [Test worker] INFO org.springframework.boot.test.context.SpringBootTestContextBootstrapper - Found @SpringBootConfiguration org.ggyool.exam01.Application for test class org.ggyool.exam01.web.domain.posts.PostsRepositoryTest
01:46:17.044 [Test worker] DEBUG org.springframework.boot.test.context.SpringBootTestContextBootstrapper - @TestExecutionListeners is not present for class [org.ggyool.exam01.web.domain.posts.PostsRepositoryTest]: using defaults.
01:46:17.044 [Test worker] INFO org.springframework.boot.test.context.SpringBootTestContextBootstrapper - Loaded default TestExecutionListener class names from location [META-INF/spring.factories]: [org.springframework.security.test.context.support.WithSecurityContextTestExecutionListener, org.springframework.security.test.context.support.ReactorContextTestExecutionListener, org.springframework.boot.test.autoconfigure.restdocs.RestDocsTestExecutionListener, org.springframework.boot.test.autoconfigure.web.client.MockRestServiceServerResetTestExecutionListener, org.springframework.boot.test.autoconfigure.web.servlet.MockMvcPrintOnlyOnFailureTestExecutionListener, org.springframework.boot.test.autoconfigure.web.servlet.WebDriverTestExecutionListener, org.springframework.boot.test.mock.mockito.MockitoTestExecutionListener, org.springframework.boot.test.mock.mockito.ResetMocksTestExecutionListener, org.springframework.test.context.web.ServletTestExecutionListener, org.springframework.test.context.support.DirtiesContextBeforeModesTestExecutionListener, org.springframework.test.context.support.DependencyInjectionTestExecutionListener, org.springframework.test.context.support.DirtiesContextTestExecutionListener, org.springframework.test.context.transaction.TransactionalTestExecutionListener, org.springframework.test.context.jdbc.SqlScriptsTestExecutionListener]
01:46:17.061 [Test worker] INFO org.springframework.boot.test.context.SpringBootTestContextBootstrapper - Using TestExecutionListeners: [org.springframework.test.context.web.ServletTestExecutionListener@23953566, org.springframework.test.context.support.DirtiesContextBeforeModesTestExecutionListener@34a73bca, org.springframework.boot.test.mock.mockito.MockitoTestExecutionListener@2e78cac0, org.springframework.boot.test.autoconfigure.SpringBootDependencyInjectionTestExecutionListener@2d0f4bde, org.springframework.test.context.support.DirtiesContextTestExecutionListener@27bb651c, org.springframework.test.context.transaction.TransactionalTestExecutionListener@2acf734a, org.springframework.test.context.jdbc.SqlScriptsTestExecutionListener@42099219, org.springframework.security.test.context.support.WithSecurityContextTestExecutionListener@158f603d, org.springframework.security.test.context.support.ReactorContextTestExecutionListener@69e07415, org.springframework.boot.test.autoconfigure.restdocs.RestDocsTestExecutionListener@38e41f40, org.springframework.boot.test.autoconfigure.web.client.MockRestServiceServerResetTestExecutionListener@36f3cb1f, org.springframework.boot.test.autoconfigure.web.servlet.MockMvcPrintOnlyOnFailureTestExecutionListener@5813cb74, org.springframework.boot.test.autoconfigure.web.servlet.WebDriverTestExecutionListener@32b95cbf, org.springframework.boot.test.mock.mockito.ResetMocksTestExecutionListener@2a3f4bb7]
01:46:17.062 [Test worker] DEBUG org.springframework.test.annotation.ProfileValueUtils - Retrieved @ProfileValueSourceConfiguration [null] for test class [org.ggyool.exam01.web.domain.posts.PostsRepositoryTest]
01:46:17.063 [Test worker] DEBUG org.springframework.test.annotation.ProfileValueUtils - Retrieved ProfileValueSource type [class org.springframework.test.annotation.SystemProfileValueSource] for class [org.ggyool.exam01.web.domain.posts.PostsRepositoryTest]
01:46:17.063 [Test worker] DEBUG org.springframework.test.annotation.ProfileValueUtils - Retrieved @ProfileValueSourceConfiguration [null] for test class [org.ggyool.exam01.web.domain.posts.PostsRepositoryTest]
01:46:17.063 [Test worker] DEBUG org.springframework.test.annotation.ProfileValueUtils - Retrieved ProfileValueSource type [class org.springframework.test.annotation.SystemProfileValueSource] for class [org.ggyool.exam01.web.domain.posts.PostsRepositoryTest]
01:46:17.066 [Test worker] DEBUG org.springframework.test.context.support.AbstractDirtiesContextTestExecutionListener - Before test class: context [DefaultTestContext@105cd09f testClass = PostsRepositoryTest, testInstance = [null], testMethod = [null], testException = [null], mergedContextConfiguration = [WebMergedContextConfiguration@1cfdcb1e testClass = PostsRepositoryTest, locations = '{}', classes = '{class org.ggyool.exam01.Application}', contextInitializerClasses = '[]', activeProfiles = '{}', propertySourceLocations = '{}', propertySourceProperties = '{org.springframework.boot.test.context.SpringBootTestContextBootstrapper=true}', contextCustomizers = set[org.springframework.boot.test.autoconfigure.properties.PropertyMappingContextCustomizer@0, org.springframework.boot.test.autoconfigure.web.servlet.WebDriverContextCustomizerFactory$Customizer@6ac6b0bc, org.springframework.boot.test.context.filter.ExcludeFilterContextCustomizer@5518390b, org.springframework.boot.test.json.DuplicateJsonObjectContextCustomizerFactory$DuplicateJsonObjectContextCustomizer@5ae70145, org.springframework.boot.test.mock.mockito.MockitoContextCustomizer@0, org.springframework.boot.test.web.client.TestRestTemplateContextCustomizer@7310eb15], resourceBasePath = 'src/main/webapp', contextLoader = 'org.springframework.boot.test.context.SpringBootContextLoader', parent = [null]], attributes = map['org.springframework.test.context.web.ServletTestExecutionListener.activateListener' -> true]], class annotated with @DirtiesContext [false] with mode [null].
01:46:17.066 [Test worker] DEBUG org.springframework.test.annotation.ProfileValueUtils - Retrieved @ProfileValueSourceConfiguration [null] for test class [org.ggyool.exam01.web.domain.posts.PostsRepositoryTest]
01:46:17.066 [Test worker] DEBUG org.springframework.test.annotation.ProfileValueUtils - Retrieved ProfileValueSource type [class org.springframework.test.annotation.SystemProfileValueSource] for class [org.ggyool.exam01.web.domain.posts.PostsRepositoryTest]
01:46:17.083 [Test worker] DEBUG org.springframework.test.context.support.TestPropertySourceUtils - Adding inlined properties to environment: {spring.jmx.enabled=false, org.springframework.boot.test.context.SpringBootTestContextBootstrapper=true, server.port=-1}

  .   ____          _            __ _ _
 /\\ / ___'_ __ _ _(_)_ __  __ _ \ \ \ \
( ( )\___ | '_ | '_| | '_ \/ _` | \ \ \ \
 \\/  ___)| |_)| | | | | || (_| |  ) ) ) )
  '  |____| .__|_| |_|_| |_\__, | / / / /
 =========|_|==============|___/=/_/_/_/
 :: Spring Boot ::        (v2.1.7.RELEASE)

2020-05-20 01:46:17.438  INFO 4494 --- [    Test worker] o.g.e.w.d.posts.PostsRepositoryTest      : Starting PostsRepositoryTest on ggyool.local with PID 4494 (started by ggyool in /Users/ggyool/Dev/springboot-exam)
2020-05-20 01:46:17.439  INFO 4494 --- [    Test worker] o.g.e.w.d.posts.PostsRepositoryTest      : No active profile set, falling back to default profiles: default
2020-05-20 01:46:18.019  INFO 4494 --- [    Test worker] .s.d.r.c.RepositoryConfigurationDelegate : Bootstrapping Spring Data repositories in DEFAULT mode.
2020-05-20 01:46:18.082  INFO 4494 --- [    Test worker] .s.d.r.c.RepositoryConfigurationDelegate : Finished Spring Data repository scanning in 52ms. Found 2 repository interfaces.
2020-05-20 01:46:18.479  INFO 4494 --- [    Test worker] trationDelegate$BeanPostProcessorChecker : Bean 'org.springframework.transaction.annotation.ProxyTransactionManagementConfiguration' of type [org.springframework.transaction.annotation.ProxyTransactionManagementConfiguration$$EnhancerBySpringCGLIB$$592ce987] is not eligible for getting processed by all BeanPostProcessors (for example: not eligible for auto-proxying)
2020-05-20 01:46:18.684  INFO 4494 --- [    Test worker] com.zaxxer.hikari.HikariDataSource       : HikariPool-1 - Starting...
2020-05-20 01:46:18.851  INFO 4494 --- [    Test worker] com.zaxxer.hikari.HikariDataSource       : HikariPool-1 - Start completed.
2020-05-20 01:46:18.932  INFO 4494 --- [    Test worker] o.hibernate.jpa.internal.util.LogHelper  : HHH000204: Processing PersistenceUnitInfo [
	name: default
	...]
2020-05-20 01:46:19.003  INFO 4494 --- [    Test worker] org.hibernate.Version                    : HHH000412: Hibernate Core {5.3.10.Final}
2020-05-20 01:46:19.004  INFO 4494 --- [    Test worker] org.hibernate.cfg.Environment            : HHH000206: hibernate.properties not found
2020-05-20 01:46:19.156  INFO 4494 --- [    Test worker] o.hibernate.annotations.common.Version   : HCANN000001: Hibernate Commons Annotations {5.0.4.Final}
2020-05-20 01:46:19.281  INFO 4494 --- [    Test worker] org.hibernate.dialect.Dialect            : HHH000400: Using dialect: org.hibernate.dialect.MySQL5InnoDBDialect
Hibernate: drop table if exists posts
Hibernate: drop table if exists user
Hibernate: create table posts (id bigint not null auto_increment, create_date datetime, modified_date datetime, author varchar(255), content TEXT not null, title varchar(500) not null, primary key (id)) engine=InnoDB
Hibernate: create table user (id bigint not null auto_increment, create_date datetime, modified_date datetime, email varchar(255) not null, name varchar(255) not null, picture varchar(255), role varchar(255) not null, primary key (id)) engine=InnoDB
2020-05-20 01:46:19.892  INFO 4494 --- [    Test worker] o.h.t.schema.internal.SchemaCreatorImpl  : HHH000476: Executing import script 'org.hibernate.tool.schema.internal.exec.ScriptSourceInputNonExistentImpl@1e1446e5'
2020-05-20 01:46:19.894  INFO 4494 --- [    Test worker] j.LocalContainerEntityManagerFactoryBean : Initialized JPA EntityManagerFactory for persistence unit 'default'
2020-05-20 01:46:20.359  INFO 4494 --- [    Test worker] o.h.h.i.QueryTranslatorFactoryInitiator  : HHH000397: Using ASTQueryTranslatorFactory
2020-05-20 01:46:20.814  INFO 4494 --- [    Test worker] o.s.s.web.DefaultSecurityFilterChain     : Creating filter chain: any request, [org.springframework.security.web.context.request.async.WebAsyncManagerIntegrationFilter@3954ceaa, org.springframework.security.web.context.SecurityContextPersistenceFilter@2b8eabac, org.springframework.security.web.header.HeaderWriterFilter@53c19a72, org.springframework.security.web.authentication.logout.LogoutFilter@5ca83407, org.springframework.security.oauth2.client.web.OAuth2AuthorizationRequestRedirectFilter@46b7123b, org.springframework.security.oauth2.client.web.OAuth2LoginAuthenticationFilter@5ebfb00, org.springframework.security.web.authentication.ui.DefaultLoginPageGeneratingFilter@4119053, org.springframework.security.web.authentication.ui.DefaultLogoutPageGeneratingFilter@33aecd0b, org.springframework.security.web.savedrequest.RequestCacheAwareFilter@6554e586, org.springframework.security.web.servletapi.SecurityContextHolderAwareRequestFilter@56cd57e6, org.springframework.security.web.authentication.AnonymousAuthenticationFilter@3ddcb38c, org.springframework.security.web.session.SessionManagementFilter@7b2c3d1, org.springframework.security.web.access.ExceptionTranslationFilter@77ea1fdf, org.springframework.security.web.access.intercept.FilterSecurityInterceptor@280a2ea2]
2020-05-20 01:46:21.255  INFO 4494 --- [    Test worker] o.s.s.concurrent.ThreadPoolTaskExecutor  : Initializing ExecutorService 'applicationTaskExecutor'
2020-05-20 01:46:21.306  WARN 4494 --- [    Test worker] aWebConfiguration$JpaWebMvcConfiguration : spring.jpa.open-in-view is enabled by default. Therefore, database queries may be performed during view rendering. Explicitly configure spring.jpa.open-in-view to disable this warning
2020-05-20 01:46:21.355  INFO 4494 --- [    Test worker] o.s.b.a.w.s.WelcomePageHandlerMapping    : Adding welcome page template: index
2020-05-20 01:46:21.736  INFO 4494 --- [    Test worker] s.a.ScheduledAnnotationBeanPostProcessor : No TaskScheduler/ScheduledExecutorService bean found for scheduled processing
2020-05-20 01:46:21.744  INFO 4494 --- [    Test worker] o.g.e.w.d.posts.PostsRepositoryTest      : Started PostsRepositoryTest in 4.652 seconds (JVM running for 5.515)
Hibernate: insert into posts (create_date, modified_date, author, content, title) values (?, ?, ?, ?, ?)
Hibernate: select posts0_.id as id1_0_, posts0_.create_date as create_d2_0_, posts0_.modified_date as modified3_0_, posts0_.author as author4_0_, posts0_.content as content5_0_, posts0_.title as title6_0_ from posts posts0_
Hibernate: select posts0_.id as id1_0_, posts0_.create_date as create_d2_0_, posts0_.modified_date as modified3_0_, posts0_.author as author4_0_, posts0_.content as content5_0_, posts0_.title as title6_0_ from posts posts0_
Hibernate: delete from posts where id=?
Hibernate: insert into posts (create_date, modified_date, author, content, title) values (?, ?, ?, ?, ?)
Hibernate: select posts0_.id as id1_0_, posts0_.create_date as create_d2_0_, posts0_.modified_date as modified3_0_, posts0_.author as author4_0_, posts0_.content as content5_0_, posts0_.title as title6_0_ from posts posts0_
>>>>>>>>>> createDate=2020-05-20T01:46:21.910
>>>>>>>>>> modifiedDate=2020-05-20T01:46:21.910
Hibernate: select posts0_.id as id1_0_, posts0_.create_date as create_d2_0_, posts0_.modified_date as modified3_0_, posts0_.author as author4_0_, posts0_.content as content5_0_, posts0_.title as title6_0_ from posts posts0_
Hibernate: delete from posts where id=?
]]></system-out>
  <system-err><![CDATA[]]></system-err>
</testsuite>
