<?xml version="1.0" encoding="UTF-8"?>
<testsuite name="org.ggyool.exam01.web.domain.posts.PostsRepositoryTest" tests="2" skipped="0" failures="0" errors="0" timestamp="2020-05-19T08:43:34" hostname="ggyool.local" time="0.306">
  <properties/>
  <testcase name="게시글저장_불러오기" classname="org.ggyool.exam01.web.domain.posts.PostsRepositoryTest" time="0.281"/>
  <testcase name="BaseTImeEntity_등록" classname="org.ggyool.exam01.web.domain.posts.PostsRepositoryTest" time="0.024"/>
  <system-out><![CDATA[17:43:27.657 [Test worker] DEBUG org.springframework.test.context.junit4.SpringJUnit4ClassRunner - SpringJUnit4ClassRunner constructor called with [class org.ggyool.exam01.web.domain.posts.PostsRepositoryTest]
17:43:27.661 [Test worker] DEBUG org.springframework.test.context.BootstrapUtils - Instantiating CacheAwareContextLoaderDelegate from class [org.springframework.test.context.cache.DefaultCacheAwareContextLoaderDelegate]
17:43:27.672 [Test worker] DEBUG org.springframework.test.context.BootstrapUtils - Instantiating BootstrapContext using constructor [public org.springframework.test.context.support.DefaultBootstrapContext(java.lang.Class,org.springframework.test.context.CacheAwareContextLoaderDelegate)]
17:43:27.686 [Test worker] DEBUG org.springframework.test.context.BootstrapUtils - Instantiating TestContextBootstrapper for test class [org.ggyool.exam01.web.domain.posts.PostsRepositoryTest] from class [org.springframework.boot.test.context.SpringBootTestContextBootstrapper]
17:43:27.699 [Test worker] INFO org.springframework.boot.test.context.SpringBootTestContextBootstrapper - Neither @ContextConfiguration nor @ContextHierarchy found for test class [org.ggyool.exam01.web.domain.posts.PostsRepositoryTest], using SpringBootContextLoader
17:43:27.702 [Test worker] DEBUG org.springframework.test.context.support.AbstractContextLoader - Did not detect default resource location for test class [org.ggyool.exam01.web.domain.posts.PostsRepositoryTest]: class path resource [org/ggyool/exam01/web/domain/posts/PostsRepositoryTest-context.xml] does not exist
17:43:27.702 [Test worker] DEBUG org.springframework.test.context.support.AbstractContextLoader - Did not detect default resource location for test class [org.ggyool.exam01.web.domain.posts.PostsRepositoryTest]: class path resource [org/ggyool/exam01/web/domain/posts/PostsRepositoryTestContext.groovy] does not exist
17:43:27.702 [Test worker] INFO org.springframework.test.context.support.AbstractContextLoader - Could not detect default resource locations for test class [org.ggyool.exam01.web.domain.posts.PostsRepositoryTest]: no resource found for suffixes {-context.xml, Context.groovy}.
17:43:27.703 [Test worker] INFO org.springframework.test.context.support.AnnotationConfigContextLoaderUtils - Could not detect default configuration classes for test class [org.ggyool.exam01.web.domain.posts.PostsRepositoryTest]: PostsRepositoryTest does not declare any static, non-private, non-final, nested classes annotated with @Configuration.
17:43:27.740 [Test worker] DEBUG org.springframework.test.context.support.ActiveProfilesUtils - Could not find an 'annotation declaring class' for annotation type [org.springframework.test.context.ActiveProfiles] and class [org.ggyool.exam01.web.domain.posts.PostsRepositoryTest]
17:43:27.843 [Test worker] DEBUG org.springframework.context.annotation.ClassPathScanningCandidateComponentProvider - Identified candidate component class: file [/Users/ggyool/Dev/springboot-exam/build/classes/java/main/org/ggyool/exam01/Application.class]
17:43:27.844 [Test worker] INFO org.springframework.boot.test.context.SpringBootTestContextBootstrapper - Found @SpringBootConfiguration org.ggyool.exam01.Application for test class org.ggyool.exam01.web.domain.posts.PostsRepositoryTest
17:43:27.936 [Test worker] DEBUG org.springframework.boot.test.context.SpringBootTestContextBootstrapper - @TestExecutionListeners is not present for class [org.ggyool.exam01.web.domain.posts.PostsRepositoryTest]: using defaults.
17:43:27.936 [Test worker] INFO org.springframework.boot.test.context.SpringBootTestContextBootstrapper - Loaded default TestExecutionListener class names from location [META-INF/spring.factories]: [org.springframework.security.test.context.support.WithSecurityContextTestExecutionListener, org.springframework.security.test.context.support.ReactorContextTestExecutionListener, org.springframework.boot.test.autoconfigure.restdocs.RestDocsTestExecutionListener, org.springframework.boot.test.autoconfigure.web.client.MockRestServiceServerResetTestExecutionListener, org.springframework.boot.test.autoconfigure.web.servlet.MockMvcPrintOnlyOnFailureTestExecutionListener, org.springframework.boot.test.autoconfigure.web.servlet.WebDriverTestExecutionListener, org.springframework.boot.test.mock.mockito.MockitoTestExecutionListener, org.springframework.boot.test.mock.mockito.ResetMocksTestExecutionListener, org.springframework.test.context.web.ServletTestExecutionListener, org.springframework.test.context.support.DirtiesContextBeforeModesTestExecutionListener, org.springframework.test.context.support.DependencyInjectionTestExecutionListener, org.springframework.test.context.support.DirtiesContextTestExecutionListener, org.springframework.test.context.transaction.TransactionalTestExecutionListener, org.springframework.test.context.jdbc.SqlScriptsTestExecutionListener]
17:43:27.958 [Test worker] INFO org.springframework.boot.test.context.SpringBootTestContextBootstrapper - Using TestExecutionListeners: [org.springframework.test.context.web.ServletTestExecutionListener@572a748f, org.springframework.test.context.support.DirtiesContextBeforeModesTestExecutionListener@7d43fa01, org.springframework.boot.test.mock.mockito.MockitoTestExecutionListener@30f5edc5, org.springframework.boot.test.autoconfigure.SpringBootDependencyInjectionTestExecutionListener@3acc8f96, org.springframework.test.context.support.DirtiesContextTestExecutionListener@3ec61a4c, org.springframework.test.context.transaction.TransactionalTestExecutionListener@5c377c67, org.springframework.test.context.jdbc.SqlScriptsTestExecutionListener@433329e1, org.springframework.security.test.context.support.WithSecurityContextTestExecutionListener@1d5dbe2e, org.springframework.security.test.context.support.ReactorContextTestExecutionListener@1347d3b3, org.springframework.boot.test.autoconfigure.restdocs.RestDocsTestExecutionListener@747441f8, org.springframework.boot.test.autoconfigure.web.client.MockRestServiceServerResetTestExecutionListener@2e5202b6, org.springframework.boot.test.autoconfigure.web.servlet.MockMvcPrintOnlyOnFailureTestExecutionListener@5e0e759c, org.springframework.boot.test.autoconfigure.web.servlet.WebDriverTestExecutionListener@73f9efa5, org.springframework.boot.test.mock.mockito.ResetMocksTestExecutionListener@25d41ba3]
17:43:27.959 [Test worker] DEBUG org.springframework.test.annotation.ProfileValueUtils - Retrieved @ProfileValueSourceConfiguration [null] for test class [org.ggyool.exam01.web.domain.posts.PostsRepositoryTest]
17:43:27.960 [Test worker] DEBUG org.springframework.test.annotation.ProfileValueUtils - Retrieved ProfileValueSource type [class org.springframework.test.annotation.SystemProfileValueSource] for class [org.ggyool.exam01.web.domain.posts.PostsRepositoryTest]
17:43:27.960 [Test worker] DEBUG org.springframework.test.annotation.ProfileValueUtils - Retrieved @ProfileValueSourceConfiguration [null] for test class [org.ggyool.exam01.web.domain.posts.PostsRepositoryTest]
17:43:27.960 [Test worker] DEBUG org.springframework.test.annotation.ProfileValueUtils - Retrieved ProfileValueSource type [class org.springframework.test.annotation.SystemProfileValueSource] for class [org.ggyool.exam01.web.domain.posts.PostsRepositoryTest]
17:43:27.963 [Test worker] DEBUG org.springframework.test.context.support.AbstractDirtiesContextTestExecutionListener - Before test class: context [DefaultTestContext@5299c2ba testClass = PostsRepositoryTest, testInstance = [null], testMethod = [null], testException = [null], mergedContextConfiguration = [WebMergedContextConfiguration@4d30052b testClass = PostsRepositoryTest, locations = '{}', classes = '{class org.ggyool.exam01.Application}', contextInitializerClasses = '[]', activeProfiles = '{}', propertySourceLocations = '{}', propertySourceProperties = '{org.springframework.boot.test.context.SpringBootTestContextBootstrapper=true}', contextCustomizers = set[org.springframework.boot.test.autoconfigure.properties.PropertyMappingContextCustomizer@0, org.springframework.boot.test.autoconfigure.web.servlet.WebDriverContextCustomizerFactory$Customizer@5c1075a6, org.springframework.boot.test.context.filter.ExcludeFilterContextCustomizer@194f1c70, org.springframework.boot.test.json.DuplicateJsonObjectContextCustomizerFactory$DuplicateJsonObjectContextCustomizer@3c084092, org.springframework.boot.test.mock.mockito.MockitoContextCustomizer@0, org.springframework.boot.test.web.client.TestRestTemplateContextCustomizer@1527f87f], resourceBasePath = 'src/main/webapp', contextLoader = 'org.springframework.boot.test.context.SpringBootContextLoader', parent = [null]], attributes = map['org.springframework.test.context.web.ServletTestExecutionListener.activateListener' -> true]], class annotated with @DirtiesContext [false] with mode [null].
17:43:27.964 [Test worker] DEBUG org.springframework.test.annotation.ProfileValueUtils - Retrieved @ProfileValueSourceConfiguration [null] for test class [org.ggyool.exam01.web.domain.posts.PostsRepositoryTest]
17:43:27.964 [Test worker] DEBUG org.springframework.test.annotation.ProfileValueUtils - Retrieved ProfileValueSource type [class org.springframework.test.annotation.SystemProfileValueSource] for class [org.ggyool.exam01.web.domain.posts.PostsRepositoryTest]
17:43:27.985 [Test worker] DEBUG org.springframework.test.context.support.TestPropertySourceUtils - Adding inlined properties to environment: {spring.jmx.enabled=false, org.springframework.boot.test.context.SpringBootTestContextBootstrapper=true, server.port=-1}

  .   ____          _            __ _ _
 /\\ / ___'_ __ _ _(_)_ __  __ _ \ \ \ \
( ( )\___ | '_ | '_| | '_ \/ _` | \ \ \ \
 \\/  ___)| |_)| | | | | || (_| |  ) ) ) )
  '  |____| .__|_| |_|_| |_\__, | / / / /
 =========|_|==============|___/=/_/_/_/
 :: Spring Boot ::        (v2.1.7.RELEASE)

2020-05-19 17:43:28.409  INFO 5010 --- [    Test worker] o.g.e.w.d.posts.PostsRepositoryTest      : Starting PostsRepositoryTest on ggyool.local with PID 5010 (started by ggyool in /Users/ggyool/Dev/springboot-exam)
2020-05-19 17:43:28.410  INFO 5010 --- [    Test worker] o.g.e.w.d.posts.PostsRepositoryTest      : No active profile set, falling back to default profiles: default
2020-05-19 17:43:29.134  INFO 5010 --- [    Test worker] .s.d.r.c.RepositoryConfigurationDelegate : Bootstrapping Spring Data repositories in DEFAULT mode.
2020-05-19 17:43:29.212  INFO 5010 --- [    Test worker] .s.d.r.c.RepositoryConfigurationDelegate : Finished Spring Data repository scanning in 65ms. Found 2 repository interfaces.
2020-05-19 17:43:29.625  INFO 5010 --- [    Test worker] trationDelegate$BeanPostProcessorChecker : Bean 'org.springframework.transaction.annotation.ProxyTransactionManagementConfiguration' of type [org.springframework.transaction.annotation.ProxyTransactionManagementConfiguration$$EnhancerBySpringCGLIB$$1d1ea08] is not eligible for getting processed by all BeanPostProcessors (for example: not eligible for auto-proxying)
2020-05-19 17:43:29.861  INFO 5010 --- [    Test worker] com.zaxxer.hikari.HikariDataSource       : HikariPool-1 - Starting...
2020-05-19 17:43:30.036  INFO 5010 --- [    Test worker] com.zaxxer.hikari.HikariDataSource       : HikariPool-1 - Start completed.
2020-05-19 17:43:30.120  INFO 5010 --- [    Test worker] o.hibernate.jpa.internal.util.LogHelper  : HHH000204: Processing PersistenceUnitInfo [
	name: default
	...]
2020-05-19 17:43:30.207  INFO 5010 --- [    Test worker] org.hibernate.Version                    : HHH000412: Hibernate Core {5.3.10.Final}
2020-05-19 17:43:30.208  INFO 5010 --- [    Test worker] org.hibernate.cfg.Environment            : HHH000206: hibernate.properties not found
2020-05-19 17:43:30.377  INFO 5010 --- [    Test worker] o.hibernate.annotations.common.Version   : HCANN000001: Hibernate Commons Annotations {5.0.4.Final}
2020-05-19 17:43:30.541  INFO 5010 --- [    Test worker] org.hibernate.dialect.Dialect            : HHH000400: Using dialect: org.hibernate.dialect.MySQL5InnoDBDialect
Hibernate: drop table if exists posts
Hibernate: drop table if exists user
Hibernate: create table posts (id bigint not null auto_increment, create_date datetime, modified_date datetime, author varchar(255), content TEXT not null, title varchar(500) not null, primary key (id)) engine=InnoDB
Hibernate: create table user (id bigint not null auto_increment, create_date datetime, modified_date datetime, email varchar(255) not null, name varchar(255) not null, picture varchar(255), role varchar(255) not null, primary key (id)) engine=InnoDB
2020-05-19 17:43:31.257  INFO 5010 --- [    Test worker] o.h.t.schema.internal.SchemaCreatorImpl  : HHH000476: Executing import script 'org.hibernate.tool.schema.internal.exec.ScriptSourceInputNonExistentImpl@184c646f'
2020-05-19 17:43:31.260  INFO 5010 --- [    Test worker] j.LocalContainerEntityManagerFactoryBean : Initialized JPA EntityManagerFactory for persistence unit 'default'
2020-05-19 17:43:31.844  INFO 5010 --- [    Test worker] o.h.h.i.QueryTranslatorFactoryInitiator  : HHH000397: Using ASTQueryTranslatorFactory
2020-05-19 17:43:32.397  INFO 5010 --- [    Test worker] o.s.s.web.DefaultSecurityFilterChain     : Creating filter chain: any request, [org.springframework.security.web.context.request.async.WebAsyncManagerIntegrationFilter@68f427e3, org.springframework.security.web.context.SecurityContextPersistenceFilter@753c8704, org.springframework.security.web.header.HeaderWriterFilter@4f318a16, org.springframework.security.web.authentication.logout.LogoutFilter@407c57f2, org.springframework.security.oauth2.client.web.OAuth2AuthorizationRequestRedirectFilter@3ed2c274, org.springframework.security.oauth2.client.web.OAuth2LoginAuthenticationFilter@50a28b65, org.springframework.security.web.authentication.ui.DefaultLoginPageGeneratingFilter@60998f15, org.springframework.security.web.authentication.ui.DefaultLogoutPageGeneratingFilter@3b2407fb, org.springframework.security.web.savedrequest.RequestCacheAwareFilter@74a24264, org.springframework.security.web.servletapi.SecurityContextHolderAwareRequestFilter@7716f89e, org.springframework.security.web.authentication.AnonymousAuthenticationFilter@7a96a3e9, org.springframework.security.web.session.SessionManagementFilter@3675a7ca, org.springframework.security.web.access.ExceptionTranslationFilter@553f38fe, org.springframework.security.web.access.intercept.FilterSecurityInterceptor@f020602]
2020-05-19 17:43:33.160  INFO 5010 --- [    Test worker] o.s.s.concurrent.ThreadPoolTaskExecutor  : Initializing ExecutorService 'applicationTaskExecutor'
2020-05-19 17:43:33.302  WARN 5010 --- [    Test worker] aWebConfiguration$JpaWebMvcConfiguration : spring.jpa.open-in-view is enabled by default. Therefore, database queries may be performed during view rendering. Explicitly configure spring.jpa.open-in-view to disable this warning
2020-05-19 17:43:33.410  INFO 5010 --- [    Test worker] o.s.b.a.w.s.WelcomePageHandlerMapping    : Adding welcome page template: index
2020-05-19 17:43:34.431  INFO 5010 --- [    Test worker] s.a.ScheduledAnnotationBeanPostProcessor : No TaskScheduler/ScheduledExecutorService bean found for scheduled processing
2020-05-19 17:43:34.446  INFO 5010 --- [    Test worker] o.g.e.w.d.posts.PostsRepositoryTest      : Started PostsRepositoryTest in 6.452 seconds (JVM running for 7.436)
Hibernate: insert into posts (create_date, modified_date, author, content, title) values (?, ?, ?, ?, ?)
Hibernate: select posts0_.id as id1_0_, posts0_.create_date as create_d2_0_, posts0_.modified_date as modified3_0_, posts0_.author as author4_0_, posts0_.content as content5_0_, posts0_.title as title6_0_ from posts posts0_
Hibernate: select posts0_.id as id1_0_, posts0_.create_date as create_d2_0_, posts0_.modified_date as modified3_0_, posts0_.author as author4_0_, posts0_.content as content5_0_, posts0_.title as title6_0_ from posts posts0_
Hibernate: delete from posts where id=?
Hibernate: insert into posts (create_date, modified_date, author, content, title) values (?, ?, ?, ?, ?)
Hibernate: select posts0_.id as id1_0_, posts0_.create_date as create_d2_0_, posts0_.modified_date as modified3_0_, posts0_.author as author4_0_, posts0_.content as content5_0_, posts0_.title as title6_0_ from posts posts0_
>>>>>>>>>> createDate=2020-05-19T17:43:34.759
>>>>>>>>>> modifiedDate=2020-05-19T17:43:34.759
Hibernate: select posts0_.id as id1_0_, posts0_.create_date as create_d2_0_, posts0_.modified_date as modified3_0_, posts0_.author as author4_0_, posts0_.content as content5_0_, posts0_.title as title6_0_ from posts posts0_
Hibernate: delete from posts where id=?
]]></system-out>
  <system-err><![CDATA[]]></system-err>
</testsuite>
